0 info it worked if it ends with ok
1 verbose cli [ 'C:\\Program Files\\nodejs\\node.exe',
1 verbose cli   'C:\\Program Files\\nodejs\\node_modules\\npm\\bin\\npm-cli.js',
1 verbose cli   'install',
1 verbose cli   '-',
1 verbose cli   'g',
1 verbose cli   'uglify-js' ]
2 info using npm@3.10.10
3 info using node@v6.9.4
4 silly loadCurrentTree Starting
5 silly install loadCurrentTree
6 silly install readLocalPackageData
7 silly fetchPackageMetaData -
8 silly fetchPackageMetaData g
9 silly fetchPackageMetaData uglify-js
10 silly fetchOtherPackageData -
11 silly cache add args [ '-', null ]
12 verbose cache add spec -
13 silly fetchNamedPackageData g
14 silly mapToRegistry name g
15 silly mapToRegistry using default registry
16 silly mapToRegistry registry https://registry.npmjs.org/
17 silly mapToRegistry data Result {
17 silly mapToRegistry   raw: 'g',
17 silly mapToRegistry   scope: null,
17 silly mapToRegistry   escapedName: 'g',
17 silly mapToRegistry   name: 'g',
17 silly mapToRegistry   rawSpec: '',
17 silly mapToRegistry   spec: 'latest',
17 silly mapToRegistry   type: 'tag' }
18 silly mapToRegistry uri https://registry.npmjs.org/g
19 silly fetchNamedPackageData uglify-js
20 silly mapToRegistry name uglify-js
21 silly mapToRegistry using default registry
22 silly mapToRegistry registry https://registry.npmjs.org/
23 silly mapToRegistry data Result {
23 silly mapToRegistry   raw: 'uglify-js',
23 silly mapToRegistry   scope: null,
23 silly mapToRegistry   escapedName: 'uglify-js',
23 silly mapToRegistry   name: 'uglify-js',
23 silly mapToRegistry   rawSpec: '',
23 silly mapToRegistry   spec: 'latest',
23 silly mapToRegistry   type: 'tag' }
24 silly mapToRegistry uri https://registry.npmjs.org/uglify-js
25 silly cache add parsed spec Result {
25 silly cache add   raw: '-',
25 silly cache add   scope: null,
25 silly cache add   escapedName: null,
25 silly cache add   name: null,
25 silly cache add   rawSpec: '-',
25 silly cache add   spec: 'C:\\Users\\tarde\\Documents\\curso_mean\\-',
25 silly cache add   type: 'local' }
26 error addLocal Could not install C:\Users\tarde\Documents\curso_mean\-
27 silly fetchPackageMetaData Error: ENOENT: no such file or directory, open 'C:\Users\tarde\Documents\curso_mean\-'
27 silly fetchPackageMetaData     at Error (native)
27 silly fetchPackageMetaData  error for - { Error: ENOENT: no such file or directory, open 'C:\Users\tarde\Documents\curso_mean\-'
27 silly fetchPackageMetaData     at Error (native)
27 silly fetchPackageMetaData   errno: -4058,
27 silly fetchPackageMetaData   code: 'ENOENT',
27 silly fetchPackageMetaData   syscall: 'open',
27 silly fetchPackageMetaData   path: 'C:\\Users\\tarde\\Documents\\curso_mean\\-' }
28 verbose request uri https://registry.npmjs.org/g
29 verbose request no auth needed
30 info attempt registry request try #1 at 16:45:34
31 verbose request id bf5113558f9e98ef
32 verbose etag W/"57369939-205b"
33 verbose lastModified Sat, 14 May 2016 03:19:21 GMT
34 http request GET https://registry.npmjs.org/g
35 verbose request uri https://registry.npmjs.org/uglify-js
36 verbose request no auth needed
37 info attempt registry request try #1 at 16:45:34
38 verbose etag W/"589168d7-1efd5"
39 verbose lastModified Wed, 01 Feb 2017 04:49:27 GMT
40 http request GET https://registry.npmjs.org/uglify-js
41 http 304 https://registry.npmjs.org/g
42 verbose headers { date: 'Thu, 09 Feb 2017 15:47:04 GMT',
42 verbose headers   via: '1.1 varnish',
42 verbose headers   'cache-control': 'max-age=300',
42 verbose headers   etag: 'W/"57369939-205b"',
42 verbose headers   age: '21',
42 verbose headers   connection: 'keep-alive',
42 verbose headers   'x-served-by': 'cache-mad9430-MAD',
42 verbose headers   'x-cache': 'HIT',
42 verbose headers   'x-cache-hits': '1',
42 verbose headers   'x-timer': 'S1486655224.419883,VS0,VE0',
42 verbose headers   vary: 'Accept-Encoding' }
43 silly get cb [ 304,
43 silly get   { date: 'Thu, 09 Feb 2017 15:47:04 GMT',
43 silly get     via: '1.1 varnish',
43 silly get     'cache-control': 'max-age=300',
43 silly get     etag: 'W/"57369939-205b"',
43 silly get     age: '21',
43 silly get     connection: 'keep-alive',
43 silly get     'x-served-by': 'cache-mad9430-MAD',
43 silly get     'x-cache': 'HIT',
43 silly get     'x-cache-hits': '1',
43 silly get     'x-timer': 'S1486655224.419883,VS0,VE0',
43 silly get     vary: 'Accept-Encoding' } ]
44 verbose etag https://registry.npmjs.org/g from cache
45 verbose get saving g to C:\Users\tarde\AppData\Roaming\npm-cache\registry.npmjs.org\g\.cache.json
46 verbose correctMkdir C:\Users\tarde\AppData\Roaming\npm-cache correctMkdir not in flight; initializing
47 http 304 https://registry.npmjs.org/uglify-js
48 verbose headers { date: 'Thu, 09 Feb 2017 15:47:04 GMT',
48 verbose headers   via: '1.1 varnish',
48 verbose headers   'cache-control': 'max-age=300',
48 verbose headers   etag: 'W/"589168d7-1efd5"',
48 verbose headers   age: '117',
48 verbose headers   connection: 'keep-alive',
48 verbose headers   'x-served-by': 'cache-mad9421-MAD',
48 verbose headers   'x-cache': 'HIT',
48 verbose headers   'x-cache-hits': '58',
48 verbose headers   'x-timer': 'S1486655224.420685,VS0,VE0',
48 verbose headers   vary: 'Accept-Encoding' }
49 silly get cb [ 304,
49 silly get   { date: 'Thu, 09 Feb 2017 15:47:04 GMT',
49 silly get     via: '1.1 varnish',
49 silly get     'cache-control': 'max-age=300',
49 silly get     etag: 'W/"589168d7-1efd5"',
49 silly get     age: '117',
49 silly get     connection: 'keep-alive',
49 silly get     'x-served-by': 'cache-mad9421-MAD',
49 silly get     'x-cache': 'HIT',
49 silly get     'x-cache-hits': '58',
49 silly get     'x-timer': 'S1486655224.420685,VS0,VE0',
49 silly get     vary: 'Accept-Encoding' } ]
50 verbose etag https://registry.npmjs.org/uglify-js from cache
51 verbose get saving uglify-js to C:\Users\tarde\AppData\Roaming\npm-cache\registry.npmjs.org\uglify-js\.cache.json
52 verbose correctMkdir C:\Users\tarde\AppData\Roaming\npm-cache correctMkdir already in flight; waiting
53 silly rollbackFailedOptional Starting
54 silly rollbackFailedOptional Finishing
55 silly runTopLevelLifecycles Finishing
56 silly install printInstalled
57 verbose stack Error: ENOENT: no such file or directory, open 'C:\Users\tarde\Documents\curso_mean\-'
57 verbose stack     at Error (native)
58 verbose cwd C:\Users\tarde\Documents\curso_mean
59 error Windows_NT 6.1.7601
60 error argv "C:\\Program Files\\nodejs\\node.exe" "C:\\Program Files\\nodejs\\node_modules\\npm\\bin\\npm-cli.js" "install" "-" "g" "uglify-js"
61 error node v6.9.4
62 error npm  v3.10.10
63 error path C:\Users\tarde\Documents\curso_mean\-
64 error code ENOENT
65 error errno -4058
66 error syscall open
67 error enoent ENOENT: no such file or directory, open 'C:\Users\tarde\Documents\curso_mean\-'
68 error enoent ENOENT: no such file or directory, open 'C:\Users\tarde\Documents\curso_mean\-'
68 error enoent This is most likely not a problem with npm itself
68 error enoent and is related to npm not being able to find a file.
69 verbose exit [ -4058, true ]
